mode: set
vc/pkg/model/config.go:404.80,405.68 1 1
vc/pkg/model/config.go:405.68,407.3 1 1
vc/pkg/model/config.go:408.2,408.16 1 1
vc/pkg/model/config.go:413.75,415.57 1 1
vc/pkg/model/config.go:415.57,417.3 1 1
vc/pkg/model/config.go:420.2,420.54 1 1
vc/pkg/model/config.go:420.54,421.36 1 1
vc/pkg/model/config.go:421.36,423.4 1 1
vc/pkg/model/config.go:426.2,426.12 1 1
vc/pkg/model/config.go:437.69,438.26 1 1
vc/pkg/model/config.go:438.26,440.3 1 1
vc/pkg/model/config.go:442.2,443.16 2 1
vc/pkg/model/config.go:443.16,445.3 1 1
vc/pkg/model/config.go:447.2,447.58 1 1
vc/pkg/model/config.go:447.58,450.3 2 1
vc/pkg/model/config.go:452.2,452.12 1 1
vc/pkg/model/config.go:456.151,458.16 2 1
vc/pkg/model/config.go:458.16,460.3 1 1
vc/pkg/model/config.go:462.2,464.32 2 1
vc/pkg/model/config.go:465.15,466.61 1 1
vc/pkg/model/config.go:466.61,468.4 1 0
vc/pkg/model/config.go:470.23,471.61 1 1
vc/pkg/model/config.go:471.61,473.4 1 0
vc/pkg/model/config.go:475.10,476.65 1 1
vc/pkg/model/config.go:480.2,483.16 3 1
vc/pkg/model/config.go:483.16,485.3 1 1
vc/pkg/model/config.go:487.2,488.16 2 1
vc/pkg/model/config.go:488.16,490.3 1 1
vc/pkg/model/config.go:492.2,493.26 2 1
vc/pkg/model/config.go:493.26,495.3 1 1
vc/pkg/model/config.go:497.2,497.60 1 1
vc/pkg/model/config.go:501.125,503.16 2 1
vc/pkg/model/config.go:503.16,505.3 1 1
vc/pkg/model/config.go:507.2,509.41 2 1
vc/pkg/model/config.go:510.15,511.61 1 1
vc/pkg/model/config.go:511.61,513.4 1 0
vc/pkg/model/config.go:521.10,522.60 1 1
vc/pkg/model/config.go:526.2,529.16 3 1
vc/pkg/model/config.go:529.16,531.3 1 1
vc/pkg/model/config.go:533.2,534.16 2 1
vc/pkg/model/config.go:534.16,536.3 1 1
vc/pkg/model/config.go:538.2,539.26 2 1
vc/pkg/model/config.go:539.26,541.3 1 1
vc/pkg/model/config.go:543.2,543.54 1 1
vc/pkg/model/generic.go:50.59,52.2 1 0
vc/pkg/model/generic.go:294.54,296.16 2 0
vc/pkg/model/generic.go:296.16,298.3 1 0
vc/pkg/model/generic.go:300.2,302.16 3 0
vc/pkg/model/generic.go:302.16,304.3 1 0
vc/pkg/model/generic.go:306.2,306.17 1 0
vc/pkg/model/sql.go:15.29,17.2 1 0
vc/pkg/model/sql.go:20.33,22.22 2 0
vc/pkg/model/sql.go:22.22,24.3 1 0
vc/pkg/model/sql.go:25.2,25.13 1 0
vc/pkg/model/status.go:62.74,79.19 2 0
vc/pkg/model/status.go:79.19,82.3 2 0
vc/pkg/model/status.go:84.2,84.31 1 0
vc/pkg/model/status.go:84.31,85.21 1 0
vc/pkg/model/status.go:85.21,87.4 1 0
vc/pkg/model/status.go:88.3,88.57 1 0
vc/pkg/model/status.go:91.2,91.15 1 0
