mode: set
vc/pkg/openid4vp/authorization_request_methods.go:45.109,46.14 1 1
vc/pkg/openid4vp/authorization_request_methods.go:46.14,48.3 1 1
vc/pkg/openid4vp/authorization_request_methods.go:49.2,49.26 1 1
vc/pkg/openid4vp/authorization_request_methods.go:49.26,51.3 1 1
vc/pkg/openid4vp/authorization_request_methods.go:52.2,52.23 1 1
vc/pkg/openid4vp/authorization_request_methods.go:52.23,54.3 1 1
vc/pkg/openid4vp/authorization_request_methods.go:57.2,63.18 2 1
vc/pkg/openid4vp/authorization_request_methods.go:63.18,65.3 1 1
vc/pkg/openid4vp/authorization_request_methods.go:68.2,69.16 2 1
vc/pkg/openid4vp/authorization_request_methods.go:69.16,71.3 1 0
vc/pkg/openid4vp/authorization_request_methods.go:73.2,74.54 2 1
vc/pkg/openid4vp/authorization_request_methods.go:74.54,76.3 1 0
vc/pkg/openid4vp/authorization_request_methods.go:79.2,83.16 4 1
vc/pkg/openid4vp/authorization_request_methods.go:83.16,85.3 1 1
vc/pkg/openid4vp/authorization_request_methods.go:87.2,87.23 1 1
vc/pkg/openid4vp/claims_extractor.go:26.44,30.2 1 1
vc/pkg/openid4vp/claims_extractor.go:34.114,35.19 1 0
vc/pkg/openid4vp/claims_extractor.go:35.19,37.3 1 0
vc/pkg/openid4vp/claims_extractor.go:40.2,41.16 2 0
vc/pkg/openid4vp/claims_extractor.go:41.16,43.3 1 0
vc/pkg/openid4vp/claims_extractor.go:45.2,45.27 1 0
vc/pkg/openid4vp/claims_extractor.go:51.126,52.21 1 1
vc/pkg/openid4vp/claims_extractor.go:52.21,54.3 1 1
vc/pkg/openid4vp/claims_extractor.go:55.2,55.26 1 1
vc/pkg/openid4vp/claims_extractor.go:55.26,57.3 1 1
vc/pkg/openid4vp/claims_extractor.go:59.2,62.93 2 1
vc/pkg/openid4vp/claims_extractor.go:62.93,64.36 1 1
vc/pkg/openid4vp/claims_extractor.go:64.36,66.29 1 1
vc/pkg/openid4vp/claims_extractor.go:66.29,68.5 1 1
vc/pkg/openid4vp/claims_extractor.go:70.3,70.25 1 1
vc/pkg/openid4vp/claims_extractor.go:74.2,74.46 1 1
vc/pkg/openid4vp/claims_extractor.go:74.46,75.20 1 1
vc/pkg/openid4vp/claims_extractor.go:75.20,76.12 1 0
vc/pkg/openid4vp/claims_extractor.go:79.3,80.17 2 1
vc/pkg/openid4vp/claims_extractor.go:80.17,82.12 1 1
vc/pkg/openid4vp/claims_extractor.go:85.3,85.31 1 1
vc/pkg/openid4vp/claims_extractor.go:88.2,88.24 1 1
vc/pkg/openid4vp/claims_extractor.go:93.96,94.16 1 1
vc/pkg/openid4vp/claims_extractor.go:94.16,96.3 1 1
vc/pkg/openid4vp/claims_extractor.go:99.2,102.29 3 1
vc/pkg/openid4vp/claims_extractor.go:102.29,104.10 2 1
vc/pkg/openid4vp/claims_extractor.go:104.10,106.4 1 1
vc/pkg/openid4vp/claims_extractor.go:109.3,109.24 1 1
vc/pkg/openid4vp/claims_extractor.go:109.24,111.4 1 1
vc/pkg/openid4vp/claims_extractor.go:114.3,115.10 2 1
vc/pkg/openid4vp/claims_extractor.go:115.10,117.4 1 1
vc/pkg/openid4vp/claims_extractor.go:118.3,118.20 1 1
vc/pkg/openid4vp/claims_extractor.go:121.2,121.80 1 0
vc/pkg/openid4vp/claims_extractor.go:126.140,127.53 1 1
vc/pkg/openid4vp/claims_extractor.go:127.53,129.3 1 1
vc/pkg/openid4vp/claims_extractor.go:131.2,134.33 2 1
vc/pkg/openid4vp/claims_extractor.go:134.33,136.3 1 1
vc/pkg/openid4vp/claims_extractor.go:139.2,139.53 1 1
vc/pkg/openid4vp/claims_extractor.go:139.53,141.14 2 1
vc/pkg/openid4vp/claims_extractor.go:141.14,142.12 1 1
vc/pkg/openid4vp/claims_extractor.go:145.3,146.17 2 1
vc/pkg/openid4vp/claims_extractor.go:146.17,148.4 1 1
vc/pkg/openid4vp/claims_extractor.go:150.3,150.45 1 1
vc/pkg/openid4vp/claims_extractor.go:153.2,153.31 1 1
vc/pkg/openid4vp/claims_extractor.go:163.96,164.24 1 1
vc/pkg/openid4vp/claims_extractor.go:165.21,166.57 1 1
vc/pkg/openid4vp/claims_extractor.go:167.24,168.60 1 1
vc/pkg/openid4vp/claims_extractor.go:169.19,170.38 1 1
vc/pkg/openid4vp/claims_extractor.go:171.19,172.38 1 1
vc/pkg/openid4vp/claims_extractor.go:173.10,174.71 1 1
vc/pkg/openid4vp/claims_extractor.go:181.98,183.9 2 1
vc/pkg/openid4vp/claims_extractor.go:183.9,185.3 1 1
vc/pkg/openid4vp/claims_extractor.go:187.2,190.40 3 1
vc/pkg/openid4vp/claims_extractor.go:190.40,192.3 1 1
vc/pkg/openid4vp/claims_extractor.go:195.2,196.16 2 1
vc/pkg/openid4vp/claims_extractor.go:196.16,198.3 1 1
vc/pkg/openid4vp/claims_extractor.go:201.2,201.41 1 1
vc/pkg/openid4vp/claims_extractor.go:206.101,208.9 2 1
vc/pkg/openid4vp/claims_extractor.go:208.9,210.3 1 1
vc/pkg/openid4vp/claims_extractor.go:212.2,213.21 2 1
vc/pkg/openid4vp/claims_extractor.go:213.21,215.3 1 1
vc/pkg/openid4vp/claims_extractor.go:217.2,218.22 2 1
vc/pkg/openid4vp/claims_extractor.go:218.22,220.3 1 1
vc/pkg/openid4vp/claims_extractor.go:222.2,222.13 1 1
vc/pkg/openid4vp/claims_extractor.go:222.13,224.3 1 1
vc/pkg/openid4vp/claims_extractor.go:225.2,225.24 1 1
vc/pkg/openid4vp/claims_extractor.go:229.71,231.9 2 1
vc/pkg/openid4vp/claims_extractor.go:231.9,233.3 1 1
vc/pkg/openid4vp/claims_extractor.go:234.2,234.34 1 1
vc/pkg/openid4vp/claims_extractor.go:238.71,240.9 2 1
vc/pkg/openid4vp/claims_extractor.go:240.9,242.3 1 1
vc/pkg/openid4vp/claims_extractor.go:243.2,243.34 1 1
vc/pkg/openid4vp/claims_extractor.go:247.39,260.42 2 1
vc/pkg/openid4vp/claims_extractor.go:260.42,261.22 1 1
vc/pkg/openid4vp/claims_extractor.go:261.22,263.4 1 1
vc/pkg/openid4vp/claims_extractor.go:266.2,266.14 1 1
vc/pkg/openid4vp/claims_extractor.go:276.27,279.16 2 0
vc/pkg/openid4vp/claims_extractor.go:279.16,281.3 1 0
vc/pkg/openid4vp/claims_extractor.go:284.2,285.16 2 0
vc/pkg/openid4vp/claims_extractor.go:285.16,287.3 1 0
vc/pkg/openid4vp/claims_extractor.go:290.2,290.52 1 0
vc/pkg/openid4vp/claims_extractor.go:290.52,292.17 2 0
vc/pkg/openid4vp/claims_extractor.go:292.17,294.4 1 0
vc/pkg/openid4vp/claims_extractor.go:297.2,297.24 1 0
vc/pkg/openid4vp/context.go:9.117,22.16 7 1
vc/pkg/openid4vp/context.go:22.16,24.3 1 0
vc/pkg/openid4vp/context.go:26.2,29.24 3 1
vc/pkg/openid4vp/context.go:32.104,37.16 4 1
vc/pkg/openid4vp/context.go:37.16,39.3 1 0
vc/pkg/openid4vp/context.go:40.2,41.16 2 1
vc/pkg/openid4vp/context.go:41.16,43.3 1 0
vc/pkg/openid4vp/context.go:45.2,49.44 4 1
vc/pkg/openid4vp/direct_post.go:20.87,23.28 2 0
vc/pkg/openid4vp/direct_post.go:23.28,25.3 1 0
vc/pkg/openid4vp/direct_post.go:26.2,26.26 1 0
vc/pkg/openid4vp/direct_post.go:26.26,28.3 1 0
vc/pkg/openid4vp/direct_post.go:29.2,29.25 1 0
vc/pkg/openid4vp/direct_post.go:29.25,31.3 1 0
vc/pkg/openid4vp/direct_post.go:32.2,32.28 1 0
vc/pkg/openid4vp/direct_post.go:32.28,34.3 1 0
vc/pkg/openid4vp/direct_post.go:35.2,35.44 1 0
vc/pkg/openid4vp/direct_post.go:35.44,37.17 2 0
vc/pkg/openid4vp/direct_post.go:37.17,39.4 1 0
vc/pkg/openid4vp/direct_post.go:40.3,40.54 1 0
vc/pkg/openid4vp/direct_post.go:43.2,43.43 1 0
vc/pkg/openid4vp/encryption_key_cache.go:24.85,35.2 3 1
vc/pkg/openid4vp/encryption_key_cache.go:38.71,40.17 2 1
vc/pkg/openid4vp/encryption_key_cache.go:40.17,42.3 1 1
vc/pkg/openid4vp/encryption_key_cache.go:43.2,43.27 1 1
vc/pkg/openid4vp/encryption_key_cache.go:47.68,49.2 1 1
vc/pkg/openid4vp/encryption_key_cache.go:52.94,54.2 1 1
vc/pkg/openid4vp/encryption_key_cache.go:57.58,59.2 1 1
vc/pkg/openid4vp/encryption_key_cache.go:62.46,64.2 1 1
vc/pkg/openid4vp/encryption_key_cache.go:67.49,69.2 1 1
vc/pkg/openid4vp/encryption_key_cache.go:73.119,76.16 2 1
vc/pkg/openid4vp/encryption_key_cache.go:76.16,78.3 1 0
vc/pkg/openid4vp/encryption_key_cache.go:81.2,82.16 2 1
vc/pkg/openid4vp/encryption_key_cache.go:82.16,84.3 1 0
vc/pkg/openid4vp/encryption_key_cache.go:85.2,85.58 1 1
vc/pkg/openid4vp/encryption_key_cache.go:85.58,87.3 1 0
vc/pkg/openid4vp/encryption_key_cache.go:90.2,97.16 4 1
vc/pkg/openid4vp/encryption_key_cache.go:97.16,99.3 1 0
vc/pkg/openid4vp/encryption_key_cache.go:101.2,101.62 1 1
vc/pkg/openid4vp/encryption_key_cache.go:101.62,103.3 1 0
vc/pkg/openid4vp/encryption_key_cache.go:105.2,105.57 1 1
vc/pkg/openid4vp/encryption_key_cache.go:105.57,107.3 1 0
vc/pkg/openid4vp/encryption_key_cache.go:109.2,109.35 1 1
vc/pkg/openid4vp/errors.go:26.40,27.30 1 1
vc/pkg/openid4vp/errors.go:27.30,29.3 1 1
vc/pkg/openid4vp/errors.go:30.2,30.20 1 1
vc/pkg/openid4vp/errors.go:34.71,40.2 1 1
vc/pkg/openid4vp/errors.go:43.53,48.2 1 1
vc/pkg/openid4vp/openid4vp.go:26.64,30.19 3 1
vc/pkg/openid4vp/openid4vp.go:30.19,31.33 1 1
vc/pkg/openid4vp/openid4vp.go:31.33,33.4 1 1
vc/pkg/openid4vp/openid4vp.go:34.3,34.34 1 1
vc/pkg/openid4vp/openid4vp.go:34.34,36.4 1 1
vc/pkg/openid4vp/openid4vp.go:39.2,44.20 2 1
vc/pkg/openid4vp/openid4vp.go:48.26,49.32 1 1
vc/pkg/openid4vp/openid4vp.go:49.32,51.3 1 1
vc/pkg/openid4vp/openid4vp.go:52.2,52.33 1 1
vc/pkg/openid4vp/openid4vp.go:52.33,54.3 1 1
vc/pkg/openid4vp/presentation_builder.go:26.96,33.37 2 1
vc/pkg/openid4vp/presentation_builder.go:33.37,38.50 3 1
vc/pkg/openid4vp/presentation_builder.go:38.50,40.4 1 1
vc/pkg/openid4vp/presentation_builder.go:43.2,43.16 1 1
vc/pkg/openid4vp/presentation_builder.go:48.130,49.22 1 1
vc/pkg/openid4vp/presentation_builder.go:49.22,51.3 1 1
vc/pkg/openid4vp/presentation_builder.go:54.2,55.31 2 1
vc/pkg/openid4vp/presentation_builder.go:55.31,56.41 1 1
vc/pkg/openid4vp/presentation_builder.go:56.41,58.9 2 1
vc/pkg/openid4vp/presentation_builder.go:62.2,62.22 1 1
vc/pkg/openid4vp/presentation_builder.go:62.22,64.3 1 1
vc/pkg/openid4vp/presentation_builder.go:66.2,68.17 3 1
vc/pkg/openid4vp/presentation_builder.go:68.17,70.3 1 0
vc/pkg/openid4vp/presentation_builder.go:72.2,72.28 1 1
vc/pkg/openid4vp/presentation_builder.go:76.134,78.9 2 1
vc/pkg/openid4vp/presentation_builder.go:78.9,80.3 1 1
vc/pkg/openid4vp/presentation_builder.go:82.2,83.17 2 1
vc/pkg/openid4vp/presentation_builder.go:83.17,85.3 1 0
vc/pkg/openid4vp/presentation_builder.go:87.2,87.28 1 1
vc/pkg/openid4vp/presentation_builder.go:92.140,93.22 1 1
vc/pkg/openid4vp/presentation_builder.go:93.22,95.3 1 1
vc/pkg/openid4vp/presentation_builder.go:98.2,99.32 2 1
vc/pkg/openid4vp/presentation_builder.go:99.32,102.3 1 1
vc/pkg/openid4vp/presentation_builder.go:105.2,108.41 3 1
vc/pkg/openid4vp/presentation_builder.go:108.41,109.24 1 1
vc/pkg/openid4vp/presentation_builder.go:109.24,110.12 1 0
vc/pkg/openid4vp/presentation_builder.go:113.3,114.10 2 1
vc/pkg/openid4vp/presentation_builder.go:114.10,116.12 1 1
vc/pkg/openid4vp/presentation_builder.go:119.3,123.47 3 1
vc/pkg/openid4vp/presentation_builder.go:123.47,124.47 1 1
vc/pkg/openid4vp/presentation_builder.go:124.47,128.5 3 1
vc/pkg/openid4vp/presentation_builder.go:133.2,133.32 1 1
vc/pkg/openid4vp/presentation_builder.go:133.32,135.3 1 1
vc/pkg/openid4vp/presentation_builder.go:137.2,144.16 2 1
vc/pkg/openid4vp/presentation_builder.go:148.121,160.39 2 1
vc/pkg/openid4vp/presentation_builder.go:160.39,166.41 2 0
vc/pkg/openid4vp/presentation_builder.go:166.41,171.4 1 0
vc/pkg/openid4vp/presentation_builder.go:171.9,177.4 1 0
vc/pkg/openid4vp/presentation_builder.go:179.3,179.82 1 0
vc/pkg/openid4vp/presentation_builder.go:183.2,183.31 1 1
vc/pkg/openid4vp/presentation_builder.go:183.31,184.42 1 1
vc/pkg/openid4vp/presentation_builder.go:184.42,185.27 1 1
vc/pkg/openid4vp/presentation_builder.go:185.27,192.5 3 1
vc/pkg/openid4vp/presentation_builder.go:196.2,196.19 1 1
vc/pkg/openid4vp/presentation_builder.go:200.47,201.20 1 1
vc/pkg/openid4vp/presentation_builder.go:201.20,203.3 1 0
vc/pkg/openid4vp/presentation_builder.go:205.2,206.31 2 1
vc/pkg/openid4vp/presentation_builder.go:206.31,208.3 1 1
vc/pkg/openid4vp/presentation_builder.go:209.2,209.15 1 1
vc/pkg/openid4vp/presentation_builder.go:214.103,235.2 1 1
vc/pkg/openid4vp/presentation_builder.go:238.53,249.31 3 1
vc/pkg/openid4vp/presentation_builder.go:249.31,250.29 1 1
vc/pkg/openid4vp/presentation_builder.go:250.29,252.4 1 1
vc/pkg/openid4vp/presentation_builder.go:254.2,254.17 1 1
vc/pkg/openid4vp/presentation_builder.go:258.32,262.2 3 1
vc/pkg/openid4vp/presentation_builder.go:266.98,267.22 1 0
vc/pkg/openid4vp/presentation_builder.go:267.22,269.3 1 0
vc/pkg/openid4vp/presentation_builder.go:272.2,272.40 1 0
vc/pkg/openid4vp/presentation_builder.go:272.40,274.42 2 0
vc/pkg/openid4vp/presentation_builder.go:274.42,276.4 1 0
vc/pkg/openid4vp/presentation_builder.go:279.2,279.12 1 0
vc/pkg/openid4vp/presentation_builder.go:285.74,288.40 2 0
vc/pkg/openid4vp/presentation_builder.go:288.40,289.66 1 0
vc/pkg/openid4vp/presentation_builder.go:289.66,291.4 1 0
vc/pkg/openid4vp/presentation_builder.go:294.2,294.32 1 0
vc/pkg/openid4vp/presentation_builder.go:294.32,296.3 1 0
vc/pkg/openid4vp/presentation_builder.go:299.2,299.50 1 0
vc/pkg/openid4vp/presentation_builder.go:299.50,300.48 1 0
vc/pkg/openid4vp/presentation_builder.go:300.48,301.39 1 0
vc/pkg/openid4vp/presentation_builder.go:301.39,303.5 1 0
vc/pkg/openid4vp/presentation_builder.go:307.2,307.14 1 0
vc/pkg/openid4vp/presentation_builder.go:312.79,315.9 1 0
vc/pkg/openid4vp/presentation_builder.go:315.9,317.3 1 0
vc/pkg/openid4vp/presentation_builder.go:318.2,318.12 1 0
vc/pkg/openid4vp/presentation_builder.go:322.78,324.40 2 1
vc/pkg/openid4vp/presentation_builder.go:324.40,326.3 1 1
vc/pkg/openid4vp/presentation_builder.go:327.2,327.18 1 1
vc/pkg/openid4vp/presentation_builder.go:331.100,333.9 2 1
vc/pkg/openid4vp/presentation_builder.go:333.9,335.3 1 1
vc/pkg/openid4vp/presentation_builder.go:336.2,336.22 1 1
vc/pkg/openid4vp/qr_generator.go:24.95,25.15 1 1
vc/pkg/openid4vp/qr_generator.go:25.15,27.3 1 0
vc/pkg/openid4vp/qr_generator.go:29.2,31.16 3 1
vc/pkg/openid4vp/qr_generator.go:31.16,33.3 1 0
vc/pkg/openid4vp/qr_generator.go:35.2,36.64 2 1
vc/pkg/openid4vp/qr_generator.go:36.64,38.3 1 0
vc/pkg/openid4vp/qr_generator.go:40.2,40.40 1 1
vc/pkg/openid4vp/qr_generator.go:40.40,42.3 1 0
vc/pkg/openid4vp/qr_generator.go:44.2,47.8 1 1
vc/pkg/openid4vp/qr_generator.go:50.69,52.16 2 1
vc/pkg/openid4vp/qr_generator.go:52.16,54.3 1 0
vc/pkg/openid4vp/qr_generator.go:56.2,58.63 3 1
vc/pkg/openid4vp/qr_generator.go:58.63,60.3 1 0
vc/pkg/openid4vp/qr_generator.go:62.2,62.40 1 1
vc/pkg/openid4vp/qr_generator.go:62.40,64.3 1 0
vc/pkg/openid4vp/qr_generator.go:66.2,66.26 1 1
vc/pkg/openid4vp/request_object.go:120.58,122.16 2 0
vc/pkg/openid4vp/request_object.go:122.16,124.3 1 0
vc/pkg/openid4vp/request_object.go:126.2,127.19 2 0
vc/pkg/openid4vp/request_object.go:127.19,129.3 1 0
vc/pkg/openid4vp/request_object.go:131.2,131.21 1 0
vc/pkg/openid4vp/request_object_cache.go:21.67,32.2 3 1
vc/pkg/openid4vp/request_object_cache.go:35.76,37.17 2 1
vc/pkg/openid4vp/request_object_cache.go:37.17,39.3 1 1
vc/pkg/openid4vp/request_object_cache.go:40.2,40.27 1 1
vc/pkg/openid4vp/request_object_cache.go:44.83,46.2 1 1
vc/pkg/openid4vp/request_object_cache.go:49.109,51.2 1 1
vc/pkg/openid4vp/request_object_cache.go:54.56,56.2 1 1
vc/pkg/openid4vp/request_object_cache.go:59.37,61.2 1 1
vc/pkg/openid4vp/request_object_cache.go:64.40,66.2 1 1
vc/pkg/openid4vp/response_parameters.go:23.72,25.16 2 1
vc/pkg/openid4vp/response_parameters.go:25.16,27.3 1 0
vc/pkg/openid4vp/response_parameters.go:29.2,29.27 1 1
vc/pkg/openid4vp/response_parameters.go:33.47,34.21 1 0
vc/pkg/openid4vp/response_parameters.go:34.21,36.3 1 0
vc/pkg/openid4vp/response_parameters.go:39.2,39.47 1 0
vc/pkg/openid4vp/response_parameters.go:39.47,41.3 1 0
vc/pkg/openid4vp/response_parameters.go:43.2,43.12 1 0
vc/pkg/openid4vp/response_parameters.go:47.55,49.2 1 0
vc/pkg/openid4vp/response_parameters.go:52.75,54.49 2 0
vc/pkg/openid4vp/response_parameters.go:54.49,56.3 1 0
vc/pkg/openid4vp/response_parameters.go:57.2,57.16 1 0
vc/pkg/openid4vp/response_uri.go:52.52,57.2 1 1
vc/pkg/openid4vp/response_uri.go:61.105,67.16 4 1
vc/pkg/openid4vp/response_uri.go:67.16,69.3 1 0
vc/pkg/openid4vp/response_uri.go:72.2,73.16 2 1
vc/pkg/openid4vp/response_uri.go:73.16,75.3 1 0
vc/pkg/openid4vp/response_uri.go:78.2,92.38 5 1
vc/pkg/openid4vp/response_uri.go:97.97,103.35 4 1
vc/pkg/openid4vp/response_uri.go:103.35,104.27 1 1
vc/pkg/openid4vp/response_uri.go:104.27,106.9 2 1
vc/pkg/openid4vp/response_uri.go:110.2,110.24 1 1
vc/pkg/openid4vp/response_uri.go:110.24,112.3 1 1
vc/pkg/openid4vp/response_uri.go:115.2,115.45 1 1
vc/pkg/openid4vp/response_uri.go:115.45,118.3 2 1
vc/pkg/openid4vp/response_uri.go:121.2,122.16 2 1
vc/pkg/openid4vp/response_uri.go:122.16,124.3 1 0
vc/pkg/openid4vp/response_uri.go:127.2,132.26 5 1
vc/pkg/openid4vp/response_uri.go:137.105,143.13 4 1
vc/pkg/openid4vp/response_uri.go:143.13,145.3 1 1
vc/pkg/openid4vp/response_uri.go:148.2,148.45 1 1
vc/pkg/openid4vp/response_uri.go:148.45,151.3 2 1
vc/pkg/openid4vp/response_uri.go:154.2,154.46 1 1
vc/pkg/openid4vp/response_uri.go:154.46,156.3 1 1
vc/pkg/openid4vp/response_uri.go:159.2,159.26 1 1
vc/pkg/openid4vp/response_uri.go:159.26,161.3 1 1
vc/pkg/openid4vp/response_uri.go:164.2,177.22 4 1
vc/pkg/openid4vp/response_uri.go:181.97,185.35 3 1
vc/pkg/openid4vp/response_uri.go:185.35,186.31 1 1
vc/pkg/openid4vp/response_uri.go:186.31,187.37 1 1
vc/pkg/openid4vp/response_uri.go:187.37,189.5 1 1
vc/pkg/openid4vp/response_uri.go:190.4,190.17 1 1
vc/pkg/openid4vp/response_uri.go:194.2,194.49 1 1
vc/pkg/openid4vp/response_uri.go:198.70,202.57 3 1
vc/pkg/openid4vp/response_uri.go:202.57,204.3 1 1
vc/pkg/openid4vp/response_uri.go:206.2,207.12 2 1
vc/pkg/openid4vp/response_uri.go:211.48,216.36 4 1
vc/pkg/openid4vp/response_uri.go:216.36,217.29 1 1
vc/pkg/openid4vp/response_uri.go:217.29,219.4 1 1
vc/pkg/openid4vp/response_uri.go:224.55,227.44 2 1
vc/pkg/openid4vp/response_uri.go:227.44,229.3 1 0
vc/pkg/openid4vp/response_uri.go:232.2,235.27 2 1
vc/pkg/openid4vp/response_uri.go:235.27,237.3 1 1
vc/pkg/openid4vp/response_uri.go:239.2,239.21 1 1
vc/pkg/openid4vp/response_uri.go:251.56,260.35 5 1
vc/pkg/openid4vp/response_uri.go:260.35,261.29 1 1
vc/pkg/openid4vp/response_uri.go:261.29,263.4 1 1
vc/pkg/openid4vp/response_uri.go:263.9,263.24 1 1
vc/pkg/openid4vp/response_uri.go:263.24,265.4 1 1
vc/pkg/openid4vp/response_uri.go:265.9,267.4 1 1
vc/pkg/openid4vp/response_uri.go:270.2,270.14 1 1
vc/pkg/openid4vp/trust_service.go:35.88,37.16 2 0
vc/pkg/openid4vp/trust_service.go:37.16,39.3 1 0
vc/pkg/openid4vp/trust_service.go:41.2,42.16 2 0
vc/pkg/openid4vp/trust_service.go:42.16,44.3 1 0
vc/pkg/openid4vp/trust_service.go:46.2,46.28 1 0
vc/pkg/openid4vp/validator.go:31.59,35.16 3 1
vc/pkg/openid4vp/validator.go:35.16,37.3 1 1
vc/pkg/openid4vp/validator.go:40.2,40.55 1 1
vc/pkg/openid4vp/validator.go:40.55,42.3 1 0
vc/pkg/openid4vp/validator.go:45.2,45.56 1 1
vc/pkg/openid4vp/validator.go:45.56,47.3 1 1
vc/pkg/openid4vp/validator.go:50.2,50.19 1 1
vc/pkg/openid4vp/validator.go:50.19,51.49 1 1
vc/pkg/openid4vp/validator.go:51.49,53.4 1 1
vc/pkg/openid4vp/validator.go:57.2,57.22 1 1
vc/pkg/openid4vp/validator.go:57.22,58.52 1 1
vc/pkg/openid4vp/validator.go:58.52,60.4 1 1
vc/pkg/openid4vp/validator.go:64.2,64.23 1 1
vc/pkg/openid4vp/validator.go:64.23,65.52 1 1
vc/pkg/openid4vp/validator.go:65.52,67.4 1 0
vc/pkg/openid4vp/validator.go:71.2,71.23 1 1
vc/pkg/openid4vp/validator.go:71.23,72.51 1 1
vc/pkg/openid4vp/validator.go:72.51,74.4 1 0
vc/pkg/openid4vp/validator.go:78.2,78.24 1 1
vc/pkg/openid4vp/validator.go:78.24,79.55 1 1
vc/pkg/openid4vp/validator.go:79.55,81.4 1 0
vc/pkg/openid4vp/validator.go:84.2,84.12 1 1
vc/pkg/openid4vp/validator.go:88.89,90.26 1 1
vc/pkg/openid4vp/validator.go:90.26,92.3 1 0
vc/pkg/openid4vp/validator.go:96.2,96.12 1 1
vc/pkg/openid4vp/validator.go:100.90,102.33 1 1
vc/pkg/openid4vp/validator.go:102.33,104.3 1 1
vc/pkg/openid4vp/validator.go:107.2,107.12 1 1
vc/pkg/openid4vp/validator.go:111.82,112.33 1 1
vc/pkg/openid4vp/validator.go:112.33,114.3 1 0
vc/pkg/openid4vp/validator.go:117.2,121.16 3 1
vc/pkg/openid4vp/validator.go:121.16,123.3 1 0
vc/pkg/openid4vp/validator.go:126.2,127.9 2 1
vc/pkg/openid4vp/validator.go:127.9,129.3 1 0
vc/pkg/openid4vp/validator.go:131.2,131.24 1 1
vc/pkg/openid4vp/validator.go:131.24,133.3 1 1
vc/pkg/openid4vp/validator.go:135.2,135.12 1 1
vc/pkg/openid4vp/validator.go:139.85,140.33 1 1
vc/pkg/openid4vp/validator.go:140.33,142.3 1 0
vc/pkg/openid4vp/validator.go:145.2,149.16 3 1
vc/pkg/openid4vp/validator.go:149.16,151.3 1 0
vc/pkg/openid4vp/validator.go:154.2,155.9 2 1
vc/pkg/openid4vp/validator.go:155.9,157.3 1 1
vc/pkg/openid4vp/validator.go:159.2,159.23 1 1
vc/pkg/openid4vp/validator.go:159.23,161.3 1 1
vc/pkg/openid4vp/validator.go:163.2,163.12 1 1
vc/pkg/openid4vp/validator.go:167.63,170.21 2 1
vc/pkg/openid4vp/validator.go:170.21,172.3 1 1
vc/pkg/openid4vp/validator.go:175.2,176.16 2 1
vc/pkg/openid4vp/validator.go:176.16,178.3 1 1
vc/pkg/openid4vp/validator.go:181.2,182.62 2 1
vc/pkg/openid4vp/validator.go:182.62,184.3 1 1
vc/pkg/openid4vp/validator.go:186.2,186.20 1 1
vc/pkg/openid4vp/validator.go:190.66,195.16 3 1
vc/pkg/openid4vp/validator.go:195.16,197.3 1 0
vc/pkg/openid4vp/validator.go:199.2,199.12 1 1
vc/pkg/openid4vp/validator.go:203.84,208.2 1 1
vc/pkg/openid4vp/validator.go:211.88,220.39 1 1
vc/pkg/openid4vp/validator.go:220.39,222.3 1 1
vc/pkg/openid4vp/validator.go:226.2,226.12 1 1
vc/pkg/openid4vp/validator.go:230.61,239.2 2 1
vc/pkg/openid4vp/verification_errors.go:10.52,12.2 1 0
vc/pkg/openid4vp/verification_errors.go:19.50,21.2 1 0
vc/pkg/openid4vp/verification_errors.go:23.50,25.2 1 0
vc/pkg/openid4vp/vp_types.go:21.66,33.51 2 0
vc/pkg/openid4vp/vp_types.go:33.51,35.3 1 0
vc/pkg/openid4vp/vp_types.go:37.2,43.62 6 0
vc/pkg/openid4vp/vp_types.go:43.62,47.3 2 0
vc/pkg/openid4vp/vp_types.go:50.2,51.63 2 0
vc/pkg/openid4vp/vp_types.go:51.63,52.32 1 0
vc/pkg/openid4vp/vp_types.go:52.32,54.22 2 0
vc/pkg/openid4vp/vp_types.go:54.22,55.60 1 0
vc/pkg/openid4vp/vp_types.go:55.60,57.6 1 0
vc/pkg/openid4vp/vp_types.go:58.10,59.61 1 0
vc/pkg/openid4vp/vp_types.go:59.61,61.6 1 0
vc/pkg/openid4vp/vp_types.go:63.4,63.42 1 0
vc/pkg/openid4vp/vp_types.go:65.3,65.13 1 0
vc/pkg/openid4vp/vp_types.go:69.2,70.65 2 0
vc/pkg/openid4vp/vp_types.go:70.65,73.3 2 0
vc/pkg/openid4vp/vp_types.go:74.2,75.65 2 0
vc/pkg/openid4vp/vp_types.go:75.65,78.3 2 0
vc/pkg/openid4vp/vp_types.go:80.2,80.68 1 0
vc/pkg/openid4vp/vp_types.go:83.41,85.2 1 0
vc/pkg/openid4vp/vp_types.go:92.41,94.2 1 0
vc/pkg/openid4vp/vp_types.go:96.42,98.2 1 0
vc/pkg/openid4vp/vp_types.go:117.53,119.51 2 0
vc/pkg/openid4vp/vp_types.go:119.51,121.3 1 0
vc/pkg/openid4vp/vp_types.go:123.2,124.55 2 0
vc/pkg/openid4vp/vp_types.go:124.55,126.3 1 0
vc/pkg/openid4vp/vp_types.go:128.2,129.23 2 0
vc/pkg/openid4vp/vp_types.go:129.23,131.3 1 0
vc/pkg/openid4vp/vp_types.go:133.2,133.89 1 0
vc/pkg/openid4vp/vp_types.go:136.34,139.2 2 0
vc/pkg/openid4vp/vp_types.go:190.50,191.23 1 0
vc/pkg/openid4vp/vp_types.go:191.23,193.3 1 0
vc/pkg/openid4vp/vp_types.go:194.2,194.19 1 0
vc/pkg/openid4vp/vp_types.go:194.19,196.3 1 0
vc/pkg/openid4vp/vp_types.go:197.2,197.12 1 0
vc/pkg/openid4vp/vp_types.go:205.69,207.16 2 1
vc/pkg/openid4vp/vp_types.go:207.16,209.3 1 0
vc/pkg/openid4vp/vp_types.go:210.2,210.26 1 1
vc/pkg/openid4vp/vp_types.go:214.44,241.16 3 1
vc/pkg/openid4vp/vp_types.go:241.16,243.3 1 0
vc/pkg/openid4vp/vp_types.go:244.2,245.12 2 1
vc/pkg/openid4vp/vp_types.go:272.69,274.16 2 1
vc/pkg/openid4vp/vp_types.go:274.16,276.3 1 0
vc/pkg/openid4vp/vp_types.go:277.2,277.26 1 1
vc/pkg/openid4vp/vp_types.go:281.38,307.16 3 1
vc/pkg/openid4vp/vp_types.go:307.16,309.3 1 0
vc/pkg/openid4vp/vp_types.go:313.2,314.16 2 1
vc/pkg/openid4vp/vp_types.go:314.16,316.3 1 0
vc/pkg/openid4vp/vp_types.go:318.2,319.25 2 1
vc/pkg/openid4vp/vp_types.go:324.51,327.16 3 1
vc/pkg/openid4vp/vp_types.go:327.16,329.3 1 0
vc/pkg/openid4vp/vp_types.go:330.2,330.18 1 1
